[0902/083234.622:ERROR:process_info.cc(632)] range at 0xeeea3c1c00000000, size 0x1 fully unreadable
[0902/083234.622:ERROR:process_info.cc(632)] range at 0xeeea3c3c00000000, size 0x1 fully unreadable
[0902/083234.622:ERROR:process_info.cc(632)] range at 0x0, size 0x1 fully unreadable
[0902/083235.079:ERROR:http_transport_win.cc(267)] WinHttpSendRequest: The server name or address could not be resolved  (0x2ee7)
[0904/095306.311:ERROR:process_info.cc(632)] range at 0xb43c1c00000000, size 0xc fully unreadable
[0904/095306.312:ERROR:process_info.cc(632)] range at 0xb43c3c00000000, size 0xc fully unreadable
[0904/095306.312:ERROR:process_info.cc(632)] range at 0x0, size 0xc fully unreadable
[0904/095306.396:ERROR:http_transport_win.cc(267)] WinHttpSendRequest: The server name or address could not be resolved  (0x2ee7)
[0910/212421.764:ERROR:process_info.cc(632)] range at 0x1e7c3bac00000000, size 0xdb fully unreadable
[0910/212421.788:ERROR:process_info.cc(632)] range at 0x1e7c3bcc00000000, size 0xdb fully unreadable
[0910/212421.788:ERROR:process_info.cc(632)] range at 0x0, size 0xdb fully unreadable
[1005/182237.840:ERROR:crash_report_database_win.cc(427)] unexpected header
[1006/105616.186:ERROR:crash_report_database_win.cc(427)] unexpected header
[1007/121342.735:ERROR:crash_report_database_win.cc(427)] unexpected header
[1010/122032.747:ERROR:process_info.cc(632)] range at 0xe138492a00000000, size 0x21 fully unreadable
[1010/122033.418:ERROR:process_info.cc(632)] range at 0xe138498e00000000, size 0x21 fully unreadable
[1010/122033.420:ERROR:process_info.cc(632)] range at 0x0, size 0x21 fully unreadable
[1010/122049.295:ERROR:process_reader_win.cc(242)] ReadMemory at 0x21e117e000 of 73728 bytes failed: Only part of a ReadProcessMemory or WriteProcessMemory request was completed. (0x12B)
[1010/122049.412:ERROR:crash_report_exception_handler.cc(116)] WriteEverything failed
[1010/122049.565:ERROR:scoped_process_suspend.cc(39)] NtResumeProcess: An attempt was made to access an exiting process.  (0xc000010a)
